#-----------------------------------------------------------
# Vivado v2018.2 (64-bit)
# SW Build 2258646 on Thu Jun 14 20:03:12 MDT 2018
# IP Build 2256618 on Thu Jun 14 22:10:49 MDT 2018
# Start of session at: Mon Oct 25 15:48:24 2021
# Process ID: 4508
# Current directory: D:/========课程类/软件工程/Digital Logic/lab0
# Command line: vivado.exe -gui_launcher_event rodinguilauncherevent5412 D:\========课程类\软件工程\Digital Logic\lab0\lab0.xpr
# Log file: D:/========课程类/软件工程/Digital Logic/lab0/vivado.log
# Journal file: D:/========课程类/软件工程/Digital Logic/lab0\vivado.jou
#-----------------------------------------------------------
start_gui
open_project {D:/========课程类/软件工程/Digital Logic/lab0/lab0.xpr}
INFO: [Project 1-313] Project file moved from 'D:/fpga_labs_sp18/lab0' since last save.
Scanning sources...
Finished scanning sources
INFO: [IP_Flow 19-234] Refreshing IP repositories
INFO: [IP_Flow 19-1704] No user IP repositories specified
INFO: [IP_Flow 19-2313] Loaded Vivado IP repository 'C:/Xilinx/Vivado/2018.2/data/ip'.
open_project: Time (s): cpu = 00:00:15 ; elapsed = 00:00:08 . Memory (MB): peak = 893.414 ; gain = 133.473
update_compile_order -fileset sources_1
open_hw
connect_hw_server
INFO: [Labtools 27-2285] Connecting to hw_server url TCP:localhost:3121
INFO: [Labtools 27-2222] Launching hw_server...
INFO: [Labtools 27-2221] Launch Output:

****** Xilinx hw_server v2018.2
  **** Build date : Jun 14 2018-20:42:52
    ** Copyright 1986-2018 Xilinx, Inc. All Rights Reserved.


open_hw_target
INFO: [Labtoolstcl 44-466] Opening hw_target localhost:3121/xilinx_tcf/Digilent/210248530820
set_property PROGRAM.FILE {D:/========课程类/软件工程/Digital Logic/lab0/lab0.runs/impl_1/ml505top.bit} [get_hw_devices xc7z020_1]
current_hw_device [get_hw_devices xc7z020_1]
refresh_hw_device -update_hw_probes false [lindex [get_hw_devices xc7z020_1] 0]
INFO: [Labtools 27-1435] Device xc7z020 (JTAG device index = 1) is not programmed (DONE status = 0).
reset_run synth_1
WARNING: [Vivado 12-1017] Problems encountered:
1. Failed to delete one or more files in run directory D:/========课程类/软件工程/Digital Logic/lab0/lab0.runs/synth_1

launch_runs synth_1 -jobs 6
[Mon Oct 25 16:03:09 2021] Launched synth_1...
Run output will be captured here: D:/========课程类/软件工程/Digital Logic/lab0/lab0.runs/synth_1/runme.log
reset_run synth_1
WARNING: [Vivado 12-1017] Problems encountered:
1. Failed to delete one or more files in run directory D:/========课程类/软件工程/Digital Logic/lab0/lab0.runs/synth_1

launch_runs synth_1 -jobs 6
[Mon Oct 25 16:03:30 2021] Launched synth_1...
Run output will be captured here: D:/========课程类/软件工程/Digital Logic/lab0/lab0.runs/synth_1/runme.log
reset_run synth_1
WARNING: [Vivado 12-1017] Problems encountered:
1. Failed to delete one or more files in run directory D:/========课程类/软件工程/Digital Logic/lab0/lab0.runs/synth_1

launch_runs impl_1 -jobs 6
[Mon Oct 25 16:03:56 2021] Launched synth_1...
Run output will be captured here: D:/========课程类/软件工程/Digital Logic/lab0/lab0.runs/synth_1/runme.log
[Mon Oct 25 16:03:56 2021] Launched impl_1...
Run output will be captured here: D:/========课程类/软件工程/Digital Logic/lab0/lab0.runs/impl_1/runme.log
reset_run synth_1
WARNING: [Vivado 12-1017] Problems encountered:
1. Failed to delete one or more files in run directory D:/========课程类/软件工程/Digital Logic/lab0/lab0.runs/synth_1

launch_runs impl_1 -to_step write_bitstream -jobs 6
[Mon Oct 25 16:04:23 2021] Launched synth_1...
Run output will be captured here: D:/========课程类/软件工程/Digital Logic/lab0/lab0.runs/synth_1/runme.log
[Mon Oct 25 16:04:23 2021] Launched impl_1...
Run output will be captured here: D:/========课程类/软件工程/Digital Logic/lab0/lab0.runs/impl_1/runme.log
open_run impl_1
INFO: [Netlist 29-17] Analyzing 4 Unisim elements for replacement
INFO: [Netlist 29-28] Unisim Transformation completed in 0 CPU seconds
INFO: [Project 1-479] Netlist was created with Vivado 2018.2
INFO: [Device 21-403] Loading part xc7z020clg484-1
INFO: [Common 17-41] Interrupt caught. Command should exit soon.
open_run: Time (s): cpu = 00:00:09 ; elapsed = 00:00:10 . Memory (MB): peak = 1838.305 ; gain = 227.090
INFO: [Common 17-344] 'open_run' was cancelled
exit
INFO: [Common 17-206] Exiting Vivado at Mon Oct 25 16:10:29 2021...
