#-----------------------------------------------------------
# Vivado v2018.2 (64-bit)
# SW Build 2258646 on Thu Jun 14 20:03:12 MDT 2018
# IP Build 2256618 on Thu Jun 14 22:10:49 MDT 2018
# Start of session at: Mon Oct 25 14:35:19 2021
# Process ID: 18920
# Current directory: D:/========课程类/软件工程/Digital Logic/lab0
# Command line: vivado.exe -gui_launcher_event rodinguilauncherevent2232 D:\========课程类\软件工程\Digital Logic\lab0\lab0.xpr
# Log file: D:/========课程类/软件工程/Digital Logic/lab0/vivado.log
# Journal file: D:/========课程类/软件工程/Digital Logic/lab0\vivado.jou
#-----------------------------------------------------------
start_gui
open_project {D:/========课程类/软件工程/Digital Logic/lab0/lab0.xpr}
INFO: [Project 1-313] Project file moved from 'D:/fpga_labs_sp18/lab0' since last save.
Scanning sources...
Finished scanning sources
INFO: [IP_Flow 19-234] Refreshing IP repositories
INFO: [IP_Flow 19-1704] No user IP repositories specified
INFO: [IP_Flow 19-2313] Loaded Vivado IP repository 'C:/Xilinx/Vivado/2018.2/data/ip'.
open_project: Time (s): cpu = 00:00:10 ; elapsed = 00:00:05 . Memory (MB): peak = 993.766 ; gain = 245.793
update_compile_order -fileset sources_1
open_run impl_1
INFO: [Netlist 29-17] Analyzing 4 Unisim elements for replacement
INFO: [Netlist 29-28] Unisim Transformation completed in 0 CPU seconds
INFO: [Project 1-479] Netlist was created with Vivado 2018.2
INFO: [Device 21-403] Loading part xc7z020clg484-1
INFO: [Project 1-570] Preparing netlist for logic optimization
INFO: [Timing 38-478] Restoring timing data from binary archive.
INFO: [Common 17-41] Interrupt caught. Command should exit soon.
INFO: [Timing 38-479] Binary timing data restore complete.
INFO: [Project 1-856] Restoring constraints from binary archive.
INFO: [Project 1-853] Binary constraint restore complete.
Reading XDEF placement.
Reading placer database...
Reading XDEF routing.
Restored from archive | CPU: 0.000000 secs | Memory: 0.000000 MB |
Finished XDEF File Restore: Time (s): cpu = 00:00:00 ; elapsed = 00:00:00.009 . Memory (MB): peak = 1790.031 ; gain = 0.000
open_run: Time (s): cpu = 00:00:16 ; elapsed = 00:00:18 . Memory (MB): peak = 1797.074 ; gain = 777.516
INFO: [Common 17-344] 'open_run' was cancelled
exit
INFO: [Common 17-206] Exiting Vivado at Mon Oct 25 14:36:27 2021...
